<?xml version="1.0" encoding="UTF-8"?>
<testng-results skipped="0" failed="0" ignored="0" total="1" passed="1">
  <reporter-output>
  </reporter-output>
  <suite name="Suite" duration-ms="3852" started-at="2017-08-13T14:42:42Z" finished-at="2017-08-13T14:42:46Z">
    <groups>
    </groups>
    <test name="Test" duration-ms="3852" started-at="2017-08-13T14:42:42Z" finished-at="2017-08-13T14:42:46Z">
      <class name="demoTest.LogIn">
        <test-method status="PASS" signature="LogIn1()[pri:0, instance:demoTest.LogIn@38082d64]" name="LogIn1" duration-ms="3825" started-at="2017-08-13T10:42:42Z" finished-at="2017-08-13T10:42:46Z">
          <reporter-output>
          </reporter-output>
        </test-method> <!-- LogIn1 -->
      </class> <!-- demoTest.LogIn -->
    </test> <!-- Test -->
  </suite> <!-- Suite -->
</testng-results>
